  Game.cpp
C:\Users\thaid\OneDrive\Documents\Year 2\Computer Graphics\infr-1350u-framework-public\projects\Tutorial_05_-_Starter\src\Game.h(50,10): error C2039:  'Sptr': is not a member of 'Camera'
C:\Users\thaid\OneDrive\Documents\Year 2\Computer Graphics\infr-1350u-framework-public\projects\Tutorial_05_-_Starter\src\Camera.h(10): message :  see declaration of 'Camera'
C:\Users\thaid\OneDrive\Documents\Year 2\Computer Graphics\infr-1350u-framework-public\projects\Tutorial_05_-_Starter\src\Game.h(50,23): error C3646:  'myCamera': unknown override specifier
C:\Users\thaid\OneDrive\Documents\Year 2\Computer Graphics\infr-1350u-framework-public\projects\Tutorial_05_-_Starter\src\Game.h(50,23): error C4430:  missing type specifier - int assumed. Note: C++ does not support default-int
C:\Program Files (x86)\Windows Kits\10\Include\10.0.18362.0\shared\minwindef.h(130,1): warning C4005:  'APIENTRY': macro redefinition
C:\Users\thaid\OneDrive\Documents\Year 2\Computer Graphics\infr-1350u-framework-public\external\glad\include\glad\glad.h(37): message :  see previous definition of 'APIENTRY'
C:\Users\thaid\OneDrive\Documents\Year 2\Computer Graphics\infr-1350u-framework-public\projects\Tutorial_05_-_Starter\src\MeshRenderer.h(8,11): error C3646:  'Mesh': unknown override specifier
C:\Users\thaid\OneDrive\Documents\Year 2\Computer Graphics\infr-1350u-framework-public\projects\Tutorial_05_-_Starter\src\MeshRenderer.h(8,11): error C4430:  missing type specifier - int assumed. Note: C++ does not support default-int
C:\Users\thaid\OneDrive\Documents\Year 2\Computer Graphics\infr-1350u-framework-public\projects\Tutorial_05_-_Starter\src\Game.cpp(71,2): error C2065:  'myCamera': undeclared identifier
C:\Users\thaid\OneDrive\Documents\Year 2\Computer Graphics\infr-1350u-framework-public\projects\Tutorial_05_-_Starter\src\Game.cpp(90,25): warning C4244:  'initializing': conversion from 'double' to 'float', possible loss of data
C:\Users\thaid\OneDrive\Documents\Year 2\Computer Graphics\infr-1350u-framework-public\projects\Tutorial_05_-_Starter\src\Game.cpp(97,19): warning C4244:  'initializing': conversion from 'double' to 'float', possible loss of data
C:\Users\thaid\OneDrive\Documents\Year 2\Computer Graphics\infr-1350u-framework-public\projects\Tutorial_05_-_Starter\src\Game.cpp(168,2): error C2065:  'myCamera': undeclared identifier
C:\Users\thaid\OneDrive\Documents\Year 2\Computer Graphics\infr-1350u-framework-public\projects\Tutorial_05_-_Starter\src\Game.cpp(169,2): error C2065:  'myCamera': undeclared identifier
C:\Users\thaid\OneDrive\Documents\Year 2\Computer Graphics\infr-1350u-framework-public\projects\Tutorial_05_-_Starter\src\Game.cpp(170,2): error C2065:  'myCamera': undeclared identifier
C:\Users\thaid\OneDrive\Documents\Year 2\Computer Graphics\infr-1350u-framework-public\projects\Tutorial_05_-_Starter\src\Game.cpp(171,2): error C2065:  'myCamera': undeclared identifier
C:\Users\thaid\OneDrive\Documents\Year 2\Computer Graphics\infr-1350u-framework-public\projects\Tutorial_05_-_Starter\src\Game.cpp(199,2): error C2065:  'Sptr': undeclared identifier
C:\Users\thaid\OneDrive\Documents\Year 2\Computer Graphics\infr-1350u-framework-public\projects\Tutorial_05_-_Starter\src\Game.cpp(199,7): error C2146:  syntax error: missing ';' before identifier 'phong'
C:\Users\thaid\OneDrive\Documents\Year 2\Computer Graphics\infr-1350u-framework-public\projects\Tutorial_05_-_Starter\src\Game.cpp(199,7): error C2065:  'phong': undeclared identifier
C:\Users\thaid\OneDrive\Documents\Year 2\Computer Graphics\infr-1350u-framework-public\projects\Tutorial_05_-_Starter\src\Game.cpp(200,2): error C2065:  'phong': undeclared identifier
C:\Users\thaid\OneDrive\Documents\Year 2\Computer Graphics\infr-1350u-framework-public\projects\Tutorial_05_-_Starter\src\Game.cpp(201,54): error C2065:  'phong': undeclared identifier
C:\Users\thaid\OneDrive\Documents\Year 2\Computer Graphics\infr-1350u-framework-public\projects\Tutorial_05_-_Starter\src\Game.cpp(221,11): error C2039:  'Mesh': is not a member of 'MeshRenderer'
C:\Users\thaid\OneDrive\Documents\Year 2\Computer Graphics\infr-1350u-framework-public\projects\Tutorial_05_-_Starter\src\MeshRenderer.h(6): message :  see declaration of 'MeshRenderer'
C:\Users\thaid\OneDrive\Documents\Year 2\Computer Graphics\infr-1350u-framework-public\projects\Tutorial_05_-_Starter\src\Game.cpp(288,33): warning C4244:  'argument': conversion from 'int' to 'float', possible loss of data
C:\Users\thaid\OneDrive\Documents\Year 2\Computer Graphics\infr-1350u-framework-public\projects\Tutorial_05_-_Starter\src\Game.cpp(288,26): warning C4244:  'argument': conversion from 'int' to 'float', possible loss of data
C:\Users\thaid\OneDrive\Documents\Year 2\Computer Graphics\infr-1350u-framework-public\projects\Tutorial_05_-_Starter\src\Game.cpp(338,2): error C2065:  'myCamera': undeclared identifier
C:\Users\thaid\OneDrive\Documents\Year 2\Computer Graphics\infr-1350u-framework-public\projects\Tutorial_05_-_Starter\src\Game.cpp(339,2): error C2065:  'myCamera': undeclared identifier
C:\Users\thaid\OneDrive\Documents\Year 2\Computer Graphics\infr-1350u-framework-public\projects\Tutorial_05_-_Starter\src\Game.cpp(363,2): error C2065:  'Sptr': undeclared identifier
C:\Users\thaid\OneDrive\Documents\Year 2\Computer Graphics\infr-1350u-framework-public\projects\Tutorial_05_-_Starter\src\Game.cpp(363,7): error C2146:  syntax error: missing ';' before identifier 'boundShader'
C:\Users\thaid\OneDrive\Documents\Year 2\Computer Graphics\infr-1350u-framework-public\projects\Tutorial_05_-_Starter\src\Game.cpp(363,7): error C2065:  'boundShader': undeclared identifier
C:\Users\thaid\OneDrive\Documents\Year 2\Computer Graphics\infr-1350u-framework-public\projects\Tutorial_05_-_Starter\src\Game.cpp(373,6): error C2039:  'Mesh': is not a member of 'MeshRenderer'
C:\Users\thaid\OneDrive\Documents\Year 2\Computer Graphics\infr-1350u-framework-public\projects\Tutorial_05_-_Starter\src\MeshRenderer.h(6): message :  see declaration of 'MeshRenderer'
C:\Users\thaid\OneDrive\Documents\Year 2\Computer Graphics\infr-1350u-framework-public\projects\Tutorial_05_-_Starter\src\Game.cpp(376,41): error C2065:  'boundShader': undeclared identifier
C:\Users\thaid\OneDrive\Documents\Year 2\Computer Graphics\infr-1350u-framework-public\projects\Tutorial_05_-_Starter\src\Game.cpp(377,4): error C2065:  'boundShader': undeclared identifier
C:\Users\thaid\OneDrive\Documents\Year 2\Computer Graphics\infr-1350u-framework-public\projects\Tutorial_05_-_Starter\src\Game.cpp(378,4): error C2065:  'boundShader': undeclared identifier
C:\Users\thaid\OneDrive\Documents\Year 2\Computer Graphics\infr-1350u-framework-public\projects\Tutorial_05_-_Starter\src\Game.cpp(379,4): error C2065:  'boundShader': undeclared identifier
C:\Users\thaid\OneDrive\Documents\Year 2\Computer Graphics\infr-1350u-framework-public\projects\Tutorial_05_-_Starter\src\Game.cpp(379,43): error C2065:  'myCamera': undeclared identifier
C:\Users\thaid\OneDrive\Documents\Year 2\Computer Graphics\infr-1350u-framework-public\projects\Tutorial_05_-_Starter\src\Game.cpp(393,31): error C2039:  'SetUniform': is not a member of 'Material'
C:\Users\thaid\OneDrive\Documents\Year 2\Computer Graphics\infr-1350u-framework-public\projects\Tutorial_05_-_Starter\src\Material.h(11): message :  see declaration of 'Material'
C:\Users\thaid\OneDrive\Documents\Year 2\Computer Graphics\infr-1350u-framework-public\projects\Tutorial_05_-_Starter\src\Game.cpp(395,4): error C2065:  'myCamera': undeclared identifier
C:\Users\thaid\OneDrive\Documents\Year 2\Computer Graphics\infr-1350u-framework-public\projects\Tutorial_05_-_Starter\src\Game.cpp(399,31): error C2039:  'SetUniform': is not a member of 'Material'
C:\Users\thaid\OneDrive\Documents\Year 2\Computer Graphics\infr-1350u-framework-public\projects\Tutorial_05_-_Starter\src\Material.h(11): message :  see declaration of 'Material'
C:\Users\thaid\OneDrive\Documents\Year 2\Computer Graphics\infr-1350u-framework-public\projects\Tutorial_05_-_Starter\src\Game.cpp(402,31): error C2039:  'SetUniform': is not a member of 'Material'
C:\Users\thaid\OneDrive\Documents\Year 2\Computer Graphics\infr-1350u-framework-public\projects\Tutorial_05_-_Starter\src\Material.h(11): message :  see declaration of 'Material'
C:\Users\thaid\OneDrive\Documents\Year 2\Computer Graphics\infr-1350u-framework-public\projects\Tutorial_05_-_Starter\src\Game.cpp(404,16): error C2039:  'Mesh': is not a member of 'MeshRenderer'
C:\Users\thaid\OneDrive\Documents\Year 2\Computer Graphics\infr-1350u-framework-public\projects\Tutorial_05_-_Starter\src\MeshRenderer.h(6): message :  see declaration of 'MeshRenderer'
C:\Users\thaid\OneDrive\Documents\Year 2\Computer Graphics\infr-1350u-framework-public\projects\Tutorial_05_-_Starter\src\Game.cpp(437,25): error C2065:  'myCamera': undeclared identifier
C:\Users\thaid\OneDrive\Documents\Year 2\Computer Graphics\infr-1350u-framework-public\projects\Tutorial_05_-_Starter\src\Game.cpp(441,24): error C2065:  'myCamera': undeclared identifier
C:\Users\thaid\OneDrive\Documents\Year 2\Computer Graphics\infr-1350u-framework-public\projects\Tutorial_05_-_Starter\src\Game.cpp(444,4): error C2065:  'myCamera': undeclared identifier
C:\Users\thaid\OneDrive\Documents\Year 2\Computer Graphics\infr-1350u-framework-public\projects\Tutorial_05_-_Starter\src\Game.cpp(447,4): error C2065:  'myCamera': undeclared identifier
C:\Users\thaid\OneDrive\Documents\Year 2\Computer Graphics\infr-1350u-framework-public\projects\Tutorial_05_-_Starter\src\Game.cpp(453,26): error C2065:  'myCamera': undeclared identifier
C:\Users\thaid\OneDrive\Documents\Year 2\Computer Graphics\infr-1350u-framework-public\projects\Tutorial_05_-_Starter\src\Game.cpp(458,14): error C2065:  'myCamera': undeclared identifier
C:\Users\thaid\OneDrive\Documents\Year 2\Computer Graphics\infr-1350u-framework-public\projects\Tutorial_05_-_Starter\src\Game.cpp(459,5): error C2065:  'myCamera': undeclared identifier
C:\Users\thaid\OneDrive\Documents\Year 2\Computer Graphics\infr-1350u-framework-public\projects\Tutorial_05_-_Starter\src\Game.cpp(463,5): error C2065:  'myCamera': undeclared identifier
  Material.cpp
C:\Users\thaid\OneDrive\Documents\Year 2\Computer Graphics\infr-1350u-framework-public\projects\Tutorial_05_-_Starter\src\Game.cpp(470,5): error C2065:  'myCamera': undeclared identifier
C:\Users\thaid\OneDrive\Documents\Year 2\Computer Graphics\infr-1350u-framework-public\projects\Tutorial_05_-_Starter\src\Material.cpp(4,23): error C2039:  'SetUniform': is not a member of 'Material'
C:\Users\thaid\OneDrive\Documents\Year 2\Computer Graphics\infr-1350u-framework-public\projects\Tutorial_05_-_Starter\src\Material.h(11): message :  see declaration of 'Material'
C:\Users\thaid\OneDrive\Documents\Year 2\Computer Graphics\infr-1350u-framework-public\projects\Tutorial_05_-_Starter\src\Material.cpp(6,23): error C2039:  'SetUniform': is not a member of 'Material'
C:\Users\thaid\OneDrive\Documents\Year 2\Computer Graphics\infr-1350u-framework-public\projects\Tutorial_05_-_Starter\src\Material.h(11): message :  see declaration of 'Material'
C:\Users\thaid\OneDrive\Documents\Year 2\Computer Graphics\infr-1350u-framework-public\projects\Tutorial_05_-_Starter\src\Material.cpp(8,23): error C2039:  'SetUniform': is not a member of 'Material'
C:\Users\thaid\OneDrive\Documents\Year 2\Computer Graphics\infr-1350u-framework-public\projects\Tutorial_05_-_Starter\src\Material.h(11): message :  see declaration of 'Material'
C:\Users\thaid\OneDrive\Documents\Year 2\Computer Graphics\infr-1350u-framework-public\projects\Tutorial_05_-_Starter\src\Material.cpp(10,23): error C2039:  'SetUniform': is not a member of 'Material'
  ObjectLoader.cpp
  main.cpp
C:\Users\thaid\OneDrive\Documents\Year 2\Computer Graphics\infr-1350u-framework-public\projects\Tutorial_05_-_Starter\src\Material.h(11): message :  see declaration of 'Material'
C:\Users\thaid\OneDrive\Documents\Year 2\Computer Graphics\infr-1350u-framework-public\projects\Tutorial_05_-_Starter\src\Game.h(50,10): error C2039:  'Sptr': is not a member of 'Camera'
C:\Users\thaid\OneDrive\Documents\Year 2\Computer Graphics\infr-1350u-framework-public\projects\Tutorial_05_-_Starter\src\Camera.h(10): message :  see declaration of 'Camera'
C:\Users\thaid\OneDrive\Documents\Year 2\Computer Graphics\infr-1350u-framework-public\projects\Tutorial_05_-_Starter\src\Game.h(50,23): error C3646:  'myCamera': unknown override specifier
C:\Users\thaid\OneDrive\Documents\Year 2\Computer Graphics\infr-1350u-framework-public\projects\Tutorial_05_-_Starter\src\Game.h(50,23): error C4430:  missing type specifier - int assumed. Note: C++ does not support default-int
C:\Program Files (x86)\Windows Kits\10\Include\10.0.18362.0\shared\minwindef.h(130,1): warning C4005:  'APIENTRY': macro redefinition
C:\Users\thaid\OneDrive\Documents\Year 2\Computer Graphics\infr-1350u-framework-public\external\glad\include\glad\glad.h(37): message :  see previous definition of 'APIENTRY'
  Generating Code...
C:\Users\thaid\OneDrive\Documents\Year 2\Computer Graphics\infr-1350u-framework-public\projects\Tutorial_05_-_Starter\src\main.cpp(12,34): warning C4244:  'argument': conversion from '__int64' to 'long', possible loss of data
